2016/08/30 18:29:02 にビルドを開始しました。
     1>ノード 2 上のプロジェクト "C:\Users\hosoyama.shinchi\Desktop\tgs_class00\DX_sample.vcxproj" (build ターゲット)。
     1>InitializeBuildStatus:
         "Debug\DX_sample.unsuccessfulbuild" のタッチ タスクを実行しています。
       ClCompile:
         c:\Program Files (x86)\Microsoft Visual Studio 10.0\VC\bin\CL.exe /c /ZI /nologo /W3 /WX- /Od /Oy- /D WIN32 /D _DEBUG /D _WINDOWS /D _MBCS /Gm /EHsc /RTC1 /MTd /GS /fp:precise /Zc:wchar_t /Zc:forScope /Fo"Debug\\" /Fd"Debug\vc100.pdb" /Gd /TP /analyze- /errorReport:prompt main.cpp
         main.cpp
     1>c:\users\hosoyama.shinchi\desktop\tgs_class00\main.cpp(531): warning C4996: 'sprintf': This function or variable may be unsafe. Consider using sprintf_s instead. To disable deprecation, use _CRT_SECURE_NO_WARNINGS. See online help for details.
                 c:\program files (x86)\microsoft visual studio 10.0\vc\include\stdio.h(371) : 'sprintf' の宣言を確認してください。
       ManifestResourceCompile:
         すべての出力が最新のものです。
       Link:
         c:\Program Files (x86)\Microsoft Visual Studio 10.0\VC\bin\link.exe /ERRORREPORT:PROMPT /OUT:"C:\Users\hosoyama.shinchi\Desktop\tgs_class00\\DX_sample.exe" /INCREMENTAL /NOLOGO kernel32.lib user32.lib gdi32.lib winspool.lib comdlg32.lib advapi32.lib shell32.lib ole32.lib oleaut32.lib uuid.lib odbc32.lib odbccp32.lib /MANIFEST /ManifestFile:"Debug\DX_sample.exe.intermediate.manifest" /MANIFESTUAC:"level='asInvoker' uiAccess='false'" /DEBUG /PDB:"C:\Users\hosoyama.shinchi\Desktop\tgs_class00\DX_sample.pdb" /SUBSYSTEM:WINDOWS /TLBID:1 /DYNAMICBASE /NXCOMPAT /IMPLIB:"C:\Users\hosoyama.shinchi\Desktop\tgs_class00\\DX_sample.lib" /MACHINE:X86 Debug\DX_sample.exe.embed.manifest.res
         Debug\bg.obj
         Debug\crystal.obj
         Debug\fade.obj
         Debug\game.obj
         Debug\hit.obj
         Debug\Icetea.obj
         Debug\input.obj
         Debug\main.obj
         Debug\menubar.obj
         Debug\oraora.obj
         Debug\polygon.obj
         Debug\result.obj
         Debug\select.obj
         Debug\title.obj
         Debug\ton.obj
       Manifest:
         C:\Program Files (x86)\Microsoft SDKs\Windows\v7.0A\bin\mt.exe /nologo /verbose /out:"Debug\DX_sample.exe.embed.manifest" /manifest Debug\DX_sample.exe.intermediate.manifest
         すべての出力が最新のものです。
       LinkEmbedManifest:
         すべての出力が最新のものです。
         DX_sample.vcxproj -> C:\Users\hosoyama.shinchi\Desktop\tgs_class00\\DX_sample.exe
       FinalizeBuildStatus:
         ファイル "Debug\DX_sample.unsuccessfulbuild" を削除しています。
         "Debug\DX_sample.lastbuildstate" のタッチ タスクを実行しています。
     1>プロジェクト "C:\Users\hosoyama.shinchi\Desktop\tgs_class00\DX_sample.vcxproj" (build ターゲット) のビルドが完了しました。

ビルドに成功しました。

経過時間 00:00:08.27
